System event: New project added
System event: New project added
System event: New project added
System event: New project added
System event: New project added in 18:21:29.414609 
System event: New project added in 18:23:34.779288 
System event: New project added in 18:24:31.862929 
System event: New project added in 19:14:08.148408 in 2024-05-23 
System event: New project added in 19:15:05.011057 in 2024-05-23 
System event: New project added in 10:37:42.257117 in 2024-05-24 
System event: New project added in 10:38:58.481582 in 2024-05-24 
System event: jg in 11:06:22.459644 in 2024-05-24 
System event: project :jg in 13:07:12.244323 Added in 2024-05-24 
System event: project :jg in 13:25:26.499228 Added in 2024-05-24 
System event: project :jg in 13:28:12.682695 Added in 2024-05-24 
System event: project :jg in 13:41:20.821312 Added in 2024-05-24 
System event: project :jg in 13:42:14.006563 Added in 2024-05-24 
System event: project :wq in 13:42:54.733436 Added in 2024-05-24 
System event: project :wq in 13:42:58.771244 Added in 2024-05-24 
System event: project :qw in 19:21:39.391133 Added in 2024-05-24 
System event: project :qw in 19:21:44.787918 Added in 2024-05-24 
System event: project :member 'w@gmail.com' Added successfully in 19:22:18.791747 Added in 2024-05-24 
System event: project :member 'w@gmail.com' Added successfully in 19:22:28.467873 Added in 2024-05-24 
