User 'ghj' performed action: was in 21:58:03.128845 in 2024-05-27 
User 'ghj' performed action: was in 21:58:09.873036 in 2024-05-27 
User 'System' performed action: Added member in 21:58:09.884006 in 2024-05-27 
User 'asdfgh' performed action: qw in 16:43:07.468292 in 2024-05-29 
User 'asdfgh' performed action: qw in 16:43:08.908395 in 2024-05-29 
User 'System' performed action: Added member in 16:43:08.918396 in 2024-05-29 
User 'w' performed action: project in 16:44:32.137255 in 2024-05-29 
User 'System' performed action: Added member in 16:44:32.145640 in 2024-05-29 
User 'w' performed action: project in 16:44:38.067137 in 2024-05-29 
User 'System' performed action: Added member in 16:44:38.081099 in 2024-05-29 
User 'user_name' performed action: task in 16:45:25.772701 in 2024-05-29 
User 'user_name' performed action: task in 16:45:45.792629 in 2024-05-29 
User 'user_name' performed action: task in 16:47:26.054816 in 2024-05-29 
User 'System' performed action: Added member in 16:47:26.055813 in 2024-05-29 
User 'user_name' performed action: task in 16:48:19.059790 in 2024-05-29 
User 'System' performed action: Added member in 16:48:19.061784 in 2024-05-29 
User 'System' performed action: Added member in 16:48:48.510738 in 2024-05-29 
User 'System' performed action: Added member in 16:48:52.091735 in 2024-05-29 
User 'System' performed action: Added member in 16:48:52.099648 in 2024-05-29 
User 'user_name' performed action: task in 16:49:20.605395 in 2024-05-29 
User 'System' performed action: Added member in 16:49:20.611892 in 2024-05-29 
User 'user_name' performed action: task in 16:49:41.391779 in 2024-05-29 
User 'System' performed action: Added member to task in 16:49:41.399709 in 2024-05-29 
